<?xml version="1.0" encoding="UTF-8"?>
<!-- Generated by org.testng.reporters.JUnitReportReporter -->
<testsuite hostname="Vamshi" failures="0" tests="1" name="testCases.TC004_ITW_BrandFilter" time="12.913" errors="0" timestamp="2024-09-03T14:36:51 IST" skipped="0">
  <testcase classname="testCases.TC004_ITW_BrandFilter" name="Industriesfilter" time="12.913"/>
  <system-out/>
</testsuite> <!-- testCases.TC004_ITW_BrandFilter -->
