<?xml version="1.0" encoding="UTF-8"?>
<!-- Generated by org.testng.reporters.JUnitReportReporter -->
<testsuite hostname="Vamshi" failures="0" tests="1" name="testCases.ITW_BrandFilter" time="51.858" errors="0" timestamp="2024-09-02T16:46:44 IST" skipped="0">
  <testcase classname="testCases.ITW_BrandFilter" name="HQloction" time="51.858"/>
  <system-out/>
</testsuite> <!-- testCases.ITW_BrandFilter -->
