<?xml version="1.0" encoding="UTF-8"?>
<!-- Generated by org.testng.reporters.JUnitReportReporter -->
<testsuite hostname="Vamshi" failures="0" tests="1" name="testCases.TC006_ITW_BrandFilter" time="8.669" errors="0" timestamp="2024-09-03T14:36:51 IST" skipped="0">
  <testcase classname="testCases.TC006_ITW_BrandFilter" name="closeddealfilter" time="8.669"/>
  <system-out/>
</testsuite> <!-- testCases.TC006_ITW_BrandFilter -->
