<?xml version="1.0" encoding="UTF-8"?>
<!-- Generated by org.testng.reporters.JUnitReportReporter -->
<testsuite hostname="Vamshi" failures="0" tests="1" name="testCases.TC007_ITW_BrandFilter" time="8.620" errors="0" timestamp="2024-09-03T14:36:51 IST" skipped="0">
  <testcase classname="testCases.TC007_ITW_BrandFilter" name="allcloseddealfilter" time="8.620"/>
  <system-out/>
</testsuite> <!-- testCases.TC007_ITW_BrandFilter -->
