<?xml version="1.0" encoding="UTF-8"?>
<!-- Generated by org.testng.reporters.JUnitReportReporter -->
<testsuite hostname="Vamshi" failures="0" tests="1" name="testCases.TC002_ITW_BrandFilter" time="20.120" errors="0" timestamp="2024-09-03T14:36:51 IST" skipped="0">
  <testcase classname="testCases.TC002_ITW_BrandFilter" name="HQRegionFilter" time="20.120"/>
  <system-out/>
</testsuite> <!-- testCases.TC002_ITW_BrandFilter -->
